\\stuhome\homedrive4$\1602544\desktop\cmp301 - lefkos savvides_graphics_programming\cmp301 - lefkos savvides\debug\vc141.pdb
\\stuhome\homedrive4$\1602544\desktop\cmp301 - lefkos savvides_graphics_programming\cmp301 - lefkos savvides\debug\vc141.idb
\\stuhome\homedrive4$\1602544\desktop\cmp301 - lefkos savvides_graphics_programming\cmp301 - lefkos savvides\debug\textureshader.obj
\\stuhome\homedrive4$\1602544\desktop\cmp301 - lefkos savvides_graphics_programming\cmp301 - lefkos savvides\debug\tessellationshader.obj
\\stuhome\homedrive4$\1602544\desktop\cmp301 - lefkos savvides_graphics_programming\cmp301 - lefkos savvides\debug\shadowshader.obj
\\stuhome\homedrive4$\1602544\desktop\cmp301 - lefkos savvides_graphics_programming\cmp301 - lefkos savvides\debug\sepiashader.obj
\\stuhome\homedrive4$\1602544\desktop\cmp301 - lefkos savvides_graphics_programming\cmp301 - lefkos savvides\debug\main.obj
\\stuhome\homedrive4$\1602544\desktop\cmp301 - lefkos savvides_graphics_programming\cmp301 - lefkos savvides\debug\laserbeam.obj
\\stuhome\homedrive4$\1602544\desktop\cmp301 - lefkos savvides_graphics_programming\cmp301 - lefkos savvides\debug\heightmappingshader.obj
\\stuhome\homedrive4$\1602544\desktop\cmp301 - lefkos savvides_graphics_programming\cmp301 - lefkos savvides\debug\depthshader.obj
\\stuhome\homedrive4$\1602544\desktop\cmp301 - lefkos savvides_graphics_programming\cmp301 - lefkos savvides\debug\app1.obj
\\stuhome\homedrive4$\1602544\desktop\cmp301 - lefkos savvides_graphics_programming\cmp301 - lefkos savvides\depth_ps.cso
\\stuhome\homedrive4$\1602544\desktop\cmp301 - lefkos savvides_graphics_programming\cmp301 - lefkos savvides\depth_vs.cso
\\stuhome\homedrive4$\1602544\desktop\cmp301 - lefkos savvides_graphics_programming\cmp301 - lefkos savvides\hmap_ps.cso
\\stuhome\homedrive4$\1602544\desktop\cmp301 - lefkos savvides_graphics_programming\cmp301 - lefkos savvides\hmap_vs.cso
\\stuhome\homedrive4$\1602544\desktop\cmp301 - lefkos savvides_graphics_programming\cmp301 - lefkos savvides\sepia_ps.cso
\\stuhome\homedrive4$\1602544\desktop\cmp301 - lefkos savvides_graphics_programming\cmp301 - lefkos savvides\sepia_vs.cso
\\stuhome\homedrive4$\1602544\desktop\cmp301 - lefkos savvides_graphics_programming\cmp301 - lefkos savvides\shadow_ps.cso
\\stuhome\homedrive4$\1602544\desktop\cmp301 - lefkos savvides_graphics_programming\cmp301 - lefkos savvides\shadow_vs.cso
\\stuhome\homedrive4$\1602544\desktop\cmp301 - lefkos savvides_graphics_programming\cmp301 - lefkos savvides\tessellation_hs.cso
\\stuhome\homedrive4$\1602544\desktop\cmp301 - lefkos savvides_graphics_programming\cmp301 - lefkos savvides\tessellation_ps.cso
\\stuhome\homedrive4$\1602544\desktop\cmp301 - lefkos savvides_graphics_programming\cmp301 - lefkos savvides\tessellation_vs.cso
\\stuhome\homedrive4$\1602544\desktop\cmp301 - lefkos savvides_graphics_programming\cmp301 - lefkos savvides\texture_ps.cso
\\stuhome\homedrive4$\1602544\desktop\cmp301 - lefkos savvides_graphics_programming\cmp301 - lefkos savvides\texture_vs.cso
\\stuhome\homedrive4$\1602544\desktop\cmp301 - lefkos savvides_graphics_programming\debug\cmp301 - lefkos savvides.exe
\\stuhome\homedrive4$\1602544\desktop\cmp301 - lefkos savvides_graphics_programming\debug\cmp301 - lefkos savvides.ilk
\\stuhome\homedrive4$\1602544\desktop\cmp301 - lefkos savvides_graphics_programming\debug\cmp301 - lefkos savvides.pdb
\\stuhome\homedrive4$\1602544\desktop\cmp301 - lefkos savvides_graphics_programming\cmp301 - lefkos savvides\debug\cmp301 -.2d84c2e8.tlog\cl.command.1.tlog
\\stuhome\homedrive4$\1602544\desktop\cmp301 - lefkos savvides_graphics_programming\cmp301 - lefkos savvides\debug\cmp301 -.2d84c2e8.tlog\cl.read.1.tlog
\\stuhome\homedrive4$\1602544\desktop\cmp301 - lefkos savvides_graphics_programming\cmp301 - lefkos savvides\debug\cmp301 -.2d84c2e8.tlog\cl.write.1.tlog
\\stuhome\homedrive4$\1602544\desktop\cmp301 - lefkos savvides_graphics_programming\cmp301 - lefkos savvides\debug\cmp301 -.2d84c2e8.tlog\fxc.command.1.tlog
\\stuhome\homedrive4$\1602544\desktop\cmp301 - lefkos savvides_graphics_programming\cmp301 - lefkos savvides\debug\cmp301 -.2d84c2e8.tlog\fxc.read.1.tlog
\\stuhome\homedrive4$\1602544\desktop\cmp301 - lefkos savvides_graphics_programming\cmp301 - lefkos savvides\debug\cmp301 -.2d84c2e8.tlog\fxc.write.1.tlog
\\stuhome\homedrive4$\1602544\desktop\cmp301 - lefkos savvides_graphics_programming\cmp301 - lefkos savvides\debug\cmp301 -.2d84c2e8.tlog\link.command.1.tlog
\\stuhome\homedrive4$\1602544\desktop\cmp301 - lefkos savvides_graphics_programming\cmp301 - lefkos savvides\debug\cmp301 -.2d84c2e8.tlog\link.read.1.tlog
\\stuhome\homedrive4$\1602544\desktop\cmp301 - lefkos savvides_graphics_programming\cmp301 - lefkos savvides\debug\cmp301 -.2d84c2e8.tlog\link.write.1.tlog
